<?xml version="1.0" encoding="UTF-8"?>
<!-- Generated by org.testng.reporters.JUnitReportReporter -->
<testsuite hostname="DESKTOP-I7N3PLM" failures="0" tests="1" name="common.Utility.EmailHelper" time="4.803" errors="0" timestamp="2022-01-30T18:46:52 IST" skipped="0">
  <testcase classname="common.Utility.EmailHelper" name="SendEmailReport" time="4.803"/>
  <system-out/>
</testsuite> <!-- common.Utility.EmailHelper -->
