<?xml version="1.0" encoding="UTF-8"?>
<!-- Generated by org.testng.reporters.JUnitReportReporter -->
<testsuite hostname="DESKTOP-I7N3PLM" failures="0" tests="1" name="common.RediffMail.Test.ValidateLoginLogOut" time="18.759" errors="0" timestamp="2022-02-07T21:30:47 IST" skipped="0">
  <testcase classname="common.RediffMail.Test.ValidateLoginLogOut" name="ValidateLoginLogOut_test" time="18.759"/>
  <system-out/>
</testsuite> <!-- common.RediffMail.Test.ValidateLoginLogOut -->
