<?xml version="1.0" encoding="UTF-8"?>
<!-- Generated by org.testng.reporters.JUnitReportReporter -->
<testsuite hostname="DESKTOP-I7N3PLM" failures="0" tests="72" name="common.RediffMail.Test.VerifyObjectsOfUserHomePage" time="345.140" errors="0" timestamp="2022-02-07T20:46:56 IST" skipped="0">
  <testcase classname="common.RediffMail.Test.VerifyObjectsOfUserHomePage" name="verifyPresenceOfrediffHomePageLink" time="8.850"/>
  <system-out/>
  <testcase classname="common.RediffMail.Test.VerifyObjectsOfUserHomePage" name="verifyPresenceOfrediffHomePageLink" time="19.791"/>
  <system-out/>
  <testcase classname="common.RediffMail.Test.VerifyObjectsOfUserHomePage" name="verifyPresenceOfrediffHomePageLink" time="14.101"/>
  <system-out/>
  <testcase classname="common.RediffMail.Test.VerifyObjectsOfUserHomePage" name="verifyPresenceOfInboxTabButton" time="4.396"/>
  <system-out/>
  <testcase classname="common.RediffMail.Test.VerifyObjectsOfUserHomePage" name="verifyPresenceOfSettingsButton" time="4.359"/>
  <system-out/>
  <testcase classname="common.RediffMail.Test.VerifyObjectsOfUserHomePage" name="verifyPresenceOfJunkTabButton" time="4.452"/>
  <system-out/>
  <testcase classname="common.RediffMail.Test.VerifyObjectsOfUserHomePage" name="verifyPresenceOfInboxTabButton" time="4.551"/>
  <system-out/>
  <testcase classname="common.RediffMail.Test.VerifyObjectsOfUserHomePage" name="verifyPresenceOftNcLink" time="4.483"/>
  <system-out/>
  <testcase classname="common.RediffMail.Test.VerifyObjectsOfUserHomePage" name="verifyPresenceOfWriteMailTabButton" time="4.292"/>
  <system-out/>
  <testcase classname="common.RediffMail.Test.VerifyObjectsOfUserHomePage" name="verifyPresenceOfSettingsLink" time="4.186"/>
  <system-out/>
  <testcase classname="common.RediffMail.Test.VerifyObjectsOfUserHomePage" name="verifyPresenceOfPrivacyPolicyLink" time="4.377"/>
  <system-out/>
  <testcase classname="common.RediffMail.Test.VerifyObjectsOfUserHomePage" name="verifyPresenceOftNcLink" time="4.190"/>
  <system-out/>
  <testcase classname="common.RediffMail.Test.VerifyObjectsOfUserHomePage" name="verifyPresenceOfDraftsTabButton" time="4.283"/>
  <system-out/>
  <testcase classname="common.RediffMail.Test.VerifyObjectsOfUserHomePage" name="verifyPresenceOfFoldersExpandIcon" time="4.500"/>
  <system-out/>
  <testcase classname="common.RediffMail.Test.VerifyObjectsOfUserHomePage" name="verifyPresenceOfTrashTabButton" time="4.486"/>
  <system-out/>
  <testcase classname="common.RediffMail.Test.VerifyObjectsOfUserHomePage" name="verifyPresenceOfDraftsTabButton" time="4.475"/>
  <system-out/>
  <testcase classname="common.RediffMail.Test.VerifyObjectsOfUserHomePage" name="verifyPresenceOfUserProfileLink" time="4.173"/>
  <system-out/>
  <testcase classname="common.RediffMail.Test.VerifyObjectsOfUserHomePage" name="verifyPresenceOfLogOutLink" time="4.396"/>
  <system-out/>
  <testcase classname="common.RediffMail.Test.VerifyObjectsOfUserHomePage" name="verifyPresenceOfAddNewFolderIcon" time="4.437"/>
  <system-out/>
  <testcase classname="common.RediffMail.Test.VerifyObjectsOfUserHomePage" name="verifyPresenceOfCopyRightText" time="4.363"/>
  <system-out/>
  <testcase classname="common.RediffMail.Test.VerifyObjectsOfUserHomePage" name="verifyPresenceOftNcLink" time="4.476"/>
  <system-out/>
  <testcase classname="common.RediffMail.Test.VerifyObjectsOfUserHomePage" name="verifyPresenceOfSearchTextBox" time="4.906"/>
  <system-out/>
  <testcase classname="common.RediffMail.Test.VerifyObjectsOfUserHomePage" name="verifyPresenceOfPrivacyPolicyLink" time="4.195"/>
  <system-out/>
  <testcase classname="common.RediffMail.Test.VerifyObjectsOfUserHomePage" name="verifyPresenceOfCalendarIcon" time="4.370"/>
  <system-out/>
  <testcase classname="common.RediffMail.Test.VerifyObjectsOfUserHomePage" name="verifyPresenceOfSearchTextBox" time="4.275"/>
  <system-out/>
  <testcase classname="common.RediffMail.Test.VerifyObjectsOfUserHomePage" name="verifyPresenceOfFeedBackLink" time="4.407"/>
  <system-out/>
  <testcase classname="common.RediffMail.Test.VerifyObjectsOfUserHomePage" name="verifyPresenceOfSettingsButton" time="4.792"/>
  <system-out/>
  <testcase classname="common.RediffMail.Test.VerifyObjectsOfUserHomePage" name="verifyPresenceOfInboxTabButton" time="4.176"/>
  <system-out/>
  <testcase classname="common.RediffMail.Test.VerifyObjectsOfUserHomePage" name="verifyPresenceOfBulkTaBButton" time="4.506"/>
  <system-out/>
  <testcase classname="common.RediffMail.Test.VerifyObjectsOfUserHomePage" name="verifyPresenceOfJunkTabButton" time="4.212"/>
  <system-out/>
  <testcase classname="common.RediffMail.Test.VerifyObjectsOfUserHomePage" name="verifyPresenceOfTrashTabButton" time="4.919"/>
  <system-out/>
  <testcase classname="common.RediffMail.Test.VerifyObjectsOfUserHomePage" name="verifyPresenceOfUserProfileLink" time="4.469"/>
  <system-out/>
  <testcase classname="common.RediffMail.Test.VerifyObjectsOfUserHomePage" name="verifyPresenceOfFoldersExpandIcon" time="4.263"/>
  <system-out/>
  <testcase classname="common.RediffMail.Test.VerifyObjectsOfUserHomePage" name="verifyPresenceOfAddressBookIcon" time="4.499"/>
  <system-out/>
  <testcase classname="common.RediffMail.Test.VerifyObjectsOfUserHomePage" name="verifyPresenceOfCopyRightText" time="4.197"/>
  <system-out/>
  <testcase classname="common.RediffMail.Test.VerifyObjectsOfUserHomePage" name="verifyPresenceOfAddressBookIcon" time="4.199"/>
  <system-out/>
  <testcase classname="common.RediffMail.Test.VerifyObjectsOfUserHomePage" name="verifyPresenceOfAddressBookIcon" time="4.494"/>
  <system-out/>
  <testcase classname="common.RediffMail.Test.VerifyObjectsOfUserHomePage" name="verifyPresenceOfSearchIcon" time="4.177"/>
  <system-out/>
  <testcase classname="common.RediffMail.Test.VerifyObjectsOfUserHomePage" name="verifyPresenceOfFoldersExpandIcon" time="4.316"/>
  <system-out/>
  <testcase classname="common.RediffMail.Test.VerifyObjectsOfUserHomePage" name="verifyPresenceOfAdvanceSearhLink" time="4.203"/>
  <system-out/>
  <testcase classname="common.RediffMail.Test.VerifyObjectsOfUserHomePage" name="verifyPresenceOfDraftsTabButton" time="4.199"/>
  <system-out/>
  <testcase classname="common.RediffMail.Test.VerifyObjectsOfUserHomePage" name="verifyPresenceOfAdvanceSearhLink" time="4.321"/>
  <system-out/>
  <testcase classname="common.RediffMail.Test.VerifyObjectsOfUserHomePage" name="verifyPresenceOfSentTabButton" time="4.179"/>
  <system-out/>
  <testcase classname="common.RediffMail.Test.VerifyObjectsOfUserHomePage" name="verifyPresenceOfAddNewFolderIcon" time="4.304"/>
  <system-out/>
  <testcase classname="common.RediffMail.Test.VerifyObjectsOfUserHomePage" name="verifyPresenceOfCalendarIcon" time="4.415"/>
  <system-out/>
  <testcase classname="common.RediffMail.Test.VerifyObjectsOfUserHomePage" name="verifyPresenceOfSentTabButton" time="4.448"/>
  <system-out/>
  <testcase classname="common.RediffMail.Test.VerifyObjectsOfUserHomePage" name="verifyPresenceOfBulkTaBButton" time="4.563"/>
  <system-out/>
  <testcase classname="common.RediffMail.Test.VerifyObjectsOfUserHomePage" name="verifyPresenceOfSentTabButton" time="4.310"/>
  <system-out/>
  <testcase classname="common.RediffMail.Test.VerifyObjectsOfUserHomePage" name="verifyPresenceOfSearchIcon" time="4.632"/>
  <system-out/>
  <testcase classname="common.RediffMail.Test.VerifyObjectsOfUserHomePage" name="verifyPresenceOfAddNewFolderIcon" time="4.391"/>
  <system-out/>
  <testcase classname="common.RediffMail.Test.VerifyObjectsOfUserHomePage" name="verifyPresenceOfUserProfileLink" time="4.474"/>
  <system-out/>
  <testcase classname="common.RediffMail.Test.VerifyObjectsOfUserHomePage" name="verifyPresenceOfSearchTextBox" time="4.184"/>
  <system-out/>
  <testcase classname="common.RediffMail.Test.VerifyObjectsOfUserHomePage" name="verifyPresenceOfSettingsButton" time="4.164"/>
  <system-out/>
  <testcase classname="common.RediffMail.Test.VerifyObjectsOfUserHomePage" name="verifyPresenceOfSettingsLink" time="4.724"/>
  <system-out/>
  <testcase classname="common.RediffMail.Test.VerifyObjectsOfUserHomePage" name="verifyPresenceOfWriteMailTabButton" time="4.444"/>
  <system-out/>
  <testcase classname="common.RediffMail.Test.VerifyObjectsOfUserHomePage" name="verifyPresenceOfSettingsLink" time="4.303"/>
  <system-out/>
  <testcase classname="common.RediffMail.Test.VerifyObjectsOfUserHomePage" name="verifyPresenceOfAdvanceSearhLink" time="4.407"/>
  <system-out/>
  <testcase classname="common.RediffMail.Test.VerifyObjectsOfUserHomePage" name="verifyPresenceOfDisclaimerLink" time="4.461"/>
  <system-out/>
  <testcase classname="common.RediffMail.Test.VerifyObjectsOfUserHomePage" name="verifyPresenceOfFeedBackLink" time="5.156"/>
  <system-out/>
  <testcase classname="common.RediffMail.Test.VerifyObjectsOfUserHomePage" name="verifyPresenceOfJunkTabButton" time="4.349"/>
  <system-out/>
  <testcase classname="common.RediffMail.Test.VerifyObjectsOfUserHomePage" name="verifyPresenceOfTrashTabButton" time="4.168"/>
  <system-out/>
  <testcase classname="common.RediffMail.Test.VerifyObjectsOfUserHomePage" name="verifyPresenceOfLogOutLink" time="4.296"/>
  <system-out/>
  <testcase classname="common.RediffMail.Test.VerifyObjectsOfUserHomePage" name="verifyPresenceOfWriteMailTabButton" time="4.182"/>
  <system-out/>
  <testcase classname="common.RediffMail.Test.VerifyObjectsOfUserHomePage" name="verifyPresenceOfCalendarIcon" time="4.190"/>
  <system-out/>
  <testcase classname="common.RediffMail.Test.VerifyObjectsOfUserHomePage" name="verifyPresenceOfPrivacyPolicyLink" time="4.439"/>
  <system-out/>
  <testcase classname="common.RediffMail.Test.VerifyObjectsOfUserHomePage" name="verifyPresenceOfFeedBackLink" time="4.186"/>
  <system-out/>
  <testcase classname="common.RediffMail.Test.VerifyObjectsOfUserHomePage" name="verifyPresenceOfLogOutLink" time="4.159"/>
  <system-out/>
  <testcase classname="common.RediffMail.Test.VerifyObjectsOfUserHomePage" name="verifyPresenceOfBulkTaBButton" time="4.171"/>
  <system-out/>
  <testcase classname="common.RediffMail.Test.VerifyObjectsOfUserHomePage" name="verifyPresenceOfSearchIcon" time="4.399"/>
  <system-out/>
  <testcase classname="common.RediffMail.Test.VerifyObjectsOfUserHomePage" name="verifyPresenceOfDisclaimerLink" time="4.182"/>
  <system-out/>
  <testcase classname="common.RediffMail.Test.VerifyObjectsOfUserHomePage" name="verifyPresenceOfDisclaimerLink" time="4.710"/>
  <system-out/>
  <testcase classname="common.RediffMail.Test.VerifyObjectsOfUserHomePage" name="verifyPresenceOfCopyRightText" time="4.438"/>
  <system-out/>
</testsuite> <!-- common.RediffMail.Test.VerifyObjectsOfUserHomePage -->
