<?xml version="1.0" encoding="UTF-8"?>
<!-- Generated by org.testng.reporters.JUnitReportReporter -->
<testsuite hostname="DESKTOP-I7N3PLM" failures="0" tests="1" name="common.Utility.DataReader" time="2.277" errors="0" timestamp="2022-02-06T00:45:05 IST" skipped="0">
  <testcase classname="common.Utility.DataReader" name="getTestCaseData2" time="2.277"/>
  <system-out/>
</testsuite> <!-- common.Utility.DataReader -->
